[23:22:00] [main/INFO]: Loading Minecraft 1.19 with Fabric Loader 0.14.18
[23:22:00] [main/INFO]: Loading 59 mods:
	- better_respawn 1.19-2.0.0
	- completeconfig 2.0.0
	   |-- coat 1.0.0-beta.17+mc22w17a
	   |-- completeconfig-base 2.0.0
	   |-- completeconfig-gui-cloth 2.0.0
	   \-- completeconfig-gui-coat 2.0.0
	- fabric 0.57.0+1.19
	   |-- fabric-api-base 0.4.9+e62f51a3a9
	   |-- fabric-api-lookup-api-v1 1.6.7+9ff28f40a9
	   |-- fabric-biome-api-v1 9.0.14+b2a4a624a9
	   |-- fabric-blockrenderlayer-v1 1.1.18+9ff28f40a9
	   |-- fabric-command-api-v1 1.2.6+f71b366fa9
	   |-- fabric-command-api-v2 2.1.2+0d55f585a9
	   |-- fabric-commands-v0 0.2.23+df3654b3a9
	   |-- fabric-containers-v0 0.1.27+df3654b3a9
	   |-- fabric-content-registries-v0 3.2.0+07df213ea9
	   |-- fabric-convention-tags-v1 1.0.8+37622d24a9
	   |-- fabric-crash-report-info-v1 0.2.3+bd0a0d4aa9
	   |-- fabric-data-generation-api-v1 5.1.1+a680b9b4a9
	   |-- fabric-dimensions-v1 2.1.28+a6d2f785a9
	   |-- fabric-entity-events-v1 1.4.16+9ff28f40a9
	   |-- fabric-events-interaction-v0 0.4.26+9ff28f40a9
	   |-- fabric-events-lifecycle-v0 0.2.25+df3654b3a9
	   |-- fabric-game-rule-api-v1 1.0.19+18990361a9
	   |-- fabric-item-api-v1 1.5.4+767db26ea9
	   |-- fabric-item-groups-v0 0.3.25+9ff28f40a9
	   |-- fabric-key-binding-api-v1 1.0.18+9ff28f40a9
	   |-- fabric-keybindings-v0 0.2.16+df3654b3a9
	   |-- fabric-lifecycle-events-v1 2.1.0+33fbc738a9
	   |-- fabric-loot-api-v2 1.1.0+03a4e568a9
	   |-- fabric-loot-tables-v1 1.1.3+9e7660c6a9
	   |-- fabric-message-api-v1 1.0.1+513f4a59a9
	   |-- fabric-mining-level-api-v1 2.1.10+33fbc738a9
	   |-- fabric-models-v0 0.3.15+9ff28f40a9
	   |-- fabric-networking-api-v1 1.0.27+7fe97409a9
	   |-- fabric-networking-v0 0.3.14+df3654b3a9
	   |-- fabric-object-builder-api-v1 4.0.7+9ff28f40a9
	   |-- fabric-particles-v1 1.0.8+dc39553aa9
	   |-- fabric-registry-sync-v0 0.9.17+23c4cfefa9
	   |-- fabric-renderer-api-v1 1.0.8+9ff28f40a9
	   |-- fabric-renderer-indigo 0.6.9+1f92344ea9
	   |-- fabric-renderer-registries-v1 3.2.18+df3654b3a9
	   |-- fabric-rendering-data-attachment-v1 0.3.12+9ff28f40a9
	   |-- fabric-rendering-fluids-v1 3.0.5+9ff28f40a9
	   |-- fabric-rendering-v0 1.1.20+df3654b3a9
	   |-- fabric-rendering-v1 1.10.14+9ff28f40a9
	   |-- fabric-resource-conditions-api-v1 2.0.9+e62f51a3a9
	   |-- fabric-resource-loader-v0 0.5.5+a6d2f785a9
	   |-- fabric-screen-api-v1 1.0.24+f05effafa9
	   |-- fabric-screen-handler-api-v1 1.2.6+9ff28f40a9
	   |-- fabric-textures-v0 1.0.18+9ff28f40a9
	   |-- fabric-transfer-api-v1 2.0.9+e62f51a3a9
	   \-- fabric-transitive-access-wideners-v1 1.1.1+9e7660c6a9
	- fabricloader 0.14.18
	- java 17
	- minecraft 1.19
	- modmenu 4.0.4
	   |-- fabric-api-base 0.4.9+e62f51a3a9
	   |-- fabric-key-binding-api-v1 1.0.18+9ff28f40a9
	   |-- fabric-lifecycle-events-v1 2.1.0+33fbc738a9
	   |-- fabric-resource-loader-v0 0.5.5+a6d2f785a9
	   \-- fabric-screen-api-v1 1.0.24+f05effafa9
	- replaymod 1.19-2.6.12
	- serverpause 1.1.0
[23:22:00] [main/INFO]: SpongePowered MIXIN Subsystem Version=0.8.5 Source=file:/C:/Users/fujji/AppData/Roaming/.minecraft/libraries/net/fabricmc/sponge-mixin/0.12.4+mixin.0.8.5/sponge-mixin-0.12.4+mixin.0.8.5.jar Service=Knot/Fabric Env=CLIENT
[23:22:00] [main/INFO]: Compatibility level set to JAVA_17
[23:22:01] [main/WARN]: Reference map 'mixins.nonmmlauncher.replaymod.refmap.json' for mixins.nonmmlauncher.replaymod.json could not be read. If this is a development environment you can ignore this message
[23:22:01] [main/WARN]: Error loading class: net/optifine/render/ChunkVisibility (java.lang.ClassNotFoundException: net/optifine/render/ChunkVisibility)
[23:22:01] [main/WARN]: Error loading class: shadersmod/client/ShadersRender (java.lang.ClassNotFoundException: shadersmod/client/ShadersRender)
[23:22:01] [main/WARN]: Error loading class: net/optifine/shaders/ShadersRender (java.lang.ClassNotFoundException: net/optifine/shaders/ShadersRender)
[23:22:01] [main/WARN]: Error loading class: net/coderbot/iris/uniforms/CommonUniforms (java.lang.ClassNotFoundException: net/coderbot/iris/uniforms/CommonUniforms)
[23:22:01] [main/WARN]: Error loading class: net/coderbot/iris/Iris (java.lang.ClassNotFoundException: net/coderbot/iris/Iris)
[23:22:05] [main/INFO]: Building optimized datafixer
[23:22:09] [Render thread/INFO]: Environment: authHost='https://authserver.mojang.com', accountsHost='https://api.mojang.com', sessionHost='https://sessionserver.mojang.com', servicesHost='https://api.minecraftservices.com', name='PROD'
[23:22:10] [Render thread/ERROR]: Failed to verify authentication
com.mojang.authlib.exceptions.InvalidCredentialsException: Status: 401
	at com.mojang.authlib.exceptions.MinecraftClientHttpException.toAuthenticationException(MinecraftClientHttpException.java:56) ~[authlib-3.5.41.jar:?]
	at com.mojang.authlib.yggdrasil.YggdrasilUserApiService.fetchProperties(YggdrasilUserApiService.java:140) ~[authlib-3.5.41.jar:?]
	at com.mojang.authlib.yggdrasil.YggdrasilUserApiService.<init>(YggdrasilUserApiService.java:47) ~[authlib-3.5.41.jar:?]
	at com.mojang.authlib.yggdrasil.YggdrasilAuthenticationService.createUserApiService(YggdrasilAuthenticationService.java:158) ~[authlib-3.5.41.jar:?]
	at net.minecraft.class_310.method_31382(class_310.java:677) [client-intermediary.jar:?]
	at net.minecraft.class_310.<init>(class_310.java:415) [client-intermediary.jar:?]
	at net.minecraft.client.main.Main.main(Main.java:198) [client-intermediary.jar:?]
	at net.fabricmc.loader.impl.game.minecraft.MinecraftGameProvider.launch(MinecraftGameProvider.java:462) [fabric-loader-0.14.18.jar:?]
	at net.fabricmc.loader.impl.launch.knot.Knot.launch(Knot.java:74) [fabric-loader-0.14.18.jar:?]
	at net.fabricmc.loader.impl.launch.knot.KnotClient.main(KnotClient.java:23) [fabric-loader-0.14.18.jar:?]
Caused by: com.mojang.authlib.exceptions.MinecraftClientHttpException: Status: 401
	at com.mojang.authlib.minecraft.client.MinecraftClient.readInputStream(MinecraftClient.java:85) ~[authlib-3.5.41.jar:?]
	at com.mojang.authlib.minecraft.client.MinecraftClient.get(MinecraftClient.java:48) ~[authlib-3.5.41.jar:?]
	at com.mojang.authlib.yggdrasil.YggdrasilUserApiService.fetchProperties(YggdrasilUserApiService.java:121) ~[authlib-3.5.41.jar:?]
	... 8 more
[23:22:10] [Render thread/INFO]: Setting user: swen128
[23:22:11] [Render thread/INFO]: [Indigo] Registering Indigo renderer!
[23:22:12] [Render thread/INFO]: Backend library: LWJGL version 3.3.1 SNAPSHOT
[23:22:16] [Render thread/INFO]: Reloading ResourceManager: Default, Fabric Mods (Coat, completeconfig-base, completeconfig-gui-coat, Fabric API, Fabric API Base, Fabric API Lookup API (v1), Fabric Biome API (v1), Fabric BlockRenderLayer Registration (v1), Fabric Command API (v1), Fabric Command API (v2), Fabric Commands (v0), Fabric Containers (v0), Fabric Content Registries (v0), Fabric Convention Tags, Fabric Crash Report Info (v1), Fabric Data Generation API (v1), Fabric Dimensions API (v1), Fabric Entity Events (v1), Fabric Events Interaction (v0), Fabric Events Lifecycle (v0), Fabric Game Rule API (v1), Fabric Item API (v1), Fabric Item Groups (v0), Fabric Key Binding API (v1), Fabric Key Bindings (v0), Fabric Lifecycle Events (v1), Fabric Loot API (v2), Fabric Loot Tables (v1), Fabric Message API (v1), Fabric Mining Level API (v1), Fabric Models (v0), Fabric Networking API (v1), Fabric Networking (v0), Fabric Object Builder API (v1), Fabric Particles (v1), Fabric Registry Sync (v0), Fabric Renderer API (v1), Fabric Renderer - Indigo, Fabric Renderer Registries (v1), Fabric Rendering Data Attachment (v1), Fabric Rendering Fluids (v1), Fabric Rendering (v0), Fabric Rendering (v1), Fabric Resource Conditions API (v1), Fabric Resource Loader (v0), Fabric Screen API (v1), Fabric Screen Handler API (v1), Fabric Textures (v0), Fabric Transfer API (v1), Fabric Transitive Access Wideners (v1), Fabric Loader, Mod Menu, Replay Mod, Multiplayer Server Pause), replaymod_lang
[23:22:17] [Realms Notification Availability checker #1/INFO]: Could not authorize you against Realms server: Invalid session id
[23:22:18] [Render thread/WARN]: Missing sound for event: minecraft:item.goat_horn.play
[23:22:18] [Render thread/WARN]: Missing sound for event: minecraft:entity.goat.screaming.horn_break
[23:22:19] [Render thread/INFO]: OpenAL initialized on device OpenAL Soft on BenQ GW2480 (NVIDIA High Definition Audio)
[23:22:19] [Render thread/INFO]: Sound engine started
[23:22:19] [Render thread/INFO]: Created: 1024x1024x4 minecraft:textures/atlas/blocks.png-atlas
[23:22:19] [Render thread/INFO]: Created: 256x128x4 minecraft:textures/atlas/signs.png-atlas
[23:22:19] [Render thread/INFO]: Created: 1024x512x4 minecraft:textures/atlas/banner_patterns.png-atlas
[23:22:19] [Render thread/INFO]: Created: 1024x512x4 minecraft:textures/atlas/shield_patterns.png-atlas
[23:22:19] [Render thread/INFO]: Created: 256x256x4 minecraft:textures/atlas/chest.png-atlas
[23:22:19] [Render thread/INFO]: Created: 512x256x4 minecraft:textures/atlas/beds.png-atlas
[23:22:19] [Render thread/INFO]: Created: 512x256x4 minecraft:textures/atlas/shulker_boxes.png-atlas
[23:22:20] [Render thread/WARN]: Shader rendertype_entity_translucent_emissive could not find sampler named Sampler2 in the specified shader program.
[23:22:20] [Render thread/INFO]: Created: 512x256x0 minecraft:textures/atlas/particles.png-atlas
[23:22:20] [Render thread/INFO]: Created: 256x256x0 minecraft:textures/atlas/paintings.png-atlas
[23:22:20] [Render thread/INFO]: Created: 256x128x0 minecraft:textures/atlas/mob_effects.png-atlas
[23:22:22] [Render thread/INFO]: Found partially saved replay, offering recovery: C:\Users\fujji\AppData\Roaming\.minecraft\replay_recordings\2023_05_30_20_53_09.mcpr
[23:22:23] [Render thread/INFO]: Attempting recovery: C:\Users\fujji\AppData\Roaming\.minecraft\replay_recordings\2023_05_30_20_53_09.mcpr
[23:22:28] [Worker-Bootstrap-4/INFO]: 4256 Datafixer optimizations took 22943 milliseconds
[23:22:48] [Render thread/INFO]: Loaded 7 recipes
[23:22:48] [Render thread/INFO]: Loaded 1179 advancements
[23:22:49] [Render thread/INFO]: Applied 0 biome modifications to 0 of 63 new biomes in 1.358 ms
[23:22:49] [Server thread/INFO]: Starting integrated minecraft server version 1.19
[23:22:49] [Server thread/INFO]: Generating keypair
[23:22:49] [Server thread/INFO]: Preparing start region for dimension minecraft:overworld
[23:22:51] [Render thread/INFO]: Preparing spawn area: 0%
[23:22:51] [Render thread/INFO]: Preparing spawn area: 0%
[23:22:51] [Render thread/INFO]: Preparing spawn area: 0%
[23:22:51] [Render thread/INFO]: Preparing spawn area: 0%
[23:22:51] [Render thread/INFO]: Preparing spawn area: 0%
[23:22:52] [Render thread/INFO]: Preparing spawn area: 7%
[23:22:52] [Render thread/INFO]: Time elapsed: 2923 ms
[23:22:52] [Server thread/INFO]: Changing view distance to 12, from 10
[23:22:52] [Server thread/INFO]: Changing simulation distance to 12, from 0
[23:22:53] [Netty Local Client IO #0/INFO]: [CHAT] [Replay Mod] Recording started
[23:22:54] [Server thread/INFO]: swen128[local:E:4294caa0] logged in with entity id 52 at (1343.5023353540464, 66.0, 1381.5)
[23:22:54] [Server thread/INFO]: swen128 joined the game
[23:22:55] [Render thread/INFO]: Loaded 0 advancements
[23:23:03] [Server thread/INFO]: Saving and pausing game...
[23:23:03] [Server thread/INFO]: Saving chunks for level 'ServerLevel[Voyager 2]'/minecraft:overworld
[23:23:03] [Server thread/INFO]: Saving chunks for level 'ServerLevel[Voyager 2]'/minecraft:the_end
[23:23:03] [Server thread/INFO]: Saving chunks for level 'ServerLevel[Voyager 2]'/minecraft:the_nether
[23:23:05] [Render thread/INFO]: Using default channel type
[23:23:05] [Render thread/INFO]: Started serving on 53649
[23:23:05] [Render thread/INFO]: [CHAT] Local game hosted on port 53649
[23:23:06] [User Authenticator #1/WARN]: Failed to verify username but will let them in anyway!
[23:23:06] [Server thread/INFO]: bot[/[0:0:0:0:0:0:0:1]:53651] logged in with entity id 428 at (1343.5023353540464, 66.0, 1381.5)
[23:23:06] [Server thread/INFO]: bot joined the game
[23:23:06] [Render thread/INFO]: [CHAT] bot joined the game
[23:23:08] [Server thread/INFO]: [bot: Gamerule keepInventory is now set to: true]
[23:23:08] [Server thread/INFO]: [bot: Gamerule doDaylightCycle is now set to: false]
[23:23:08] [Render thread/INFO]: [CHAT] [bot: Gamerule keepInventory is now set to: true]
[23:23:08] [Render thread/INFO]: [CHAT] [bot: Gamerule doDaylightCycle is now set to: false]
[23:23:08] [Server thread/INFO]: [bot: Pausing server...]
[23:23:08] [Server thread/INFO]: Server paused.
[23:23:08] [Server thread/INFO]: Saving and pausing game...
[23:23:08] [Render thread/INFO]: [CHAT] [bot: Pausing server...]
[23:23:08] [Render thread/INFO]: [CHAT] Server paused.
[23:23:08] [Server thread/INFO]: Saving chunks for level 'ServerLevel[Voyager 2]'/minecraft:overworld
[23:23:08] [Server thread/INFO]: Saving chunks for level 'ServerLevel[Voyager 2]'/minecraft:the_end
[23:23:08] [Server thread/INFO]: Saving chunks for level 'ServerLevel[Voyager 2]'/minecraft:the_nether
[23:23:08] [Server thread/INFO]: Saving and pausing game...
[23:23:08] [Server thread/INFO]: Saving chunks for level 'ServerLevel[Voyager 2]'/minecraft:overworld
[23:23:08] [Server thread/INFO]: Saving chunks for level 'ServerLevel[Voyager 2]'/minecraft:the_end
[23:23:08] [Server thread/INFO]: Saving chunks for level 'ServerLevel[Voyager 2]'/minecraft:the_nether
[23:23:09] [Server thread/INFO]: [bot: Unpausing server...]
[23:23:09] [Server thread/INFO]: Server unpaused.
[23:23:09] [Render thread/INFO]: [CHAT] [bot: Unpausing server...]
[23:23:09] [Render thread/INFO]: [CHAT] Server unpaused.
[23:23:10] [Render thread/INFO]: [CHAT] Now spectating bot
[23:23:11] [Server thread/INFO]: [bot: Gamerule doTileDrops is now set to: false]
[23:23:11] [Render thread/INFO]: [CHAT] [bot: Gamerule doTileDrops is now set to: false]
[23:23:13] [Server thread/INFO]: [bot: Gamerule doTileDrops is now set to: true]
[23:23:13] [Render thread/INFO]: [CHAT] [bot: Gamerule doTileDrops is now set to: true]
[23:23:13] [Server thread/INFO]: [bot: Pausing server...]
[23:23:13] [Server thread/INFO]: Server paused.
[23:23:13] [Server thread/INFO]: Saving and pausing game...
[23:23:13] [Render thread/INFO]: [CHAT] [bot: Pausing server...]
[23:23:13] [Render thread/INFO]: [CHAT] Server paused.
[23:23:13] [Server thread/INFO]: Saving chunks for level 'ServerLevel[Voyager 2]'/minecraft:overworld
[23:23:13] [Server thread/INFO]: Saving chunks for level 'ServerLevel[Voyager 2]'/minecraft:the_end
[23:23:13] [Server thread/INFO]: Saving chunks for level 'ServerLevel[Voyager 2]'/minecraft:the_nether
[23:23:13] [Server thread/INFO]: Saving and pausing game...
[23:23:13] [Server thread/INFO]: Saving chunks for level 'ServerLevel[Voyager 2]'/minecraft:overworld
[23:23:13] [Server thread/INFO]: Saving chunks for level 'ServerLevel[Voyager 2]'/minecraft:the_end
[23:23:13] [Server thread/INFO]: Saving chunks for level 'ServerLevel[Voyager 2]'/minecraft:the_nether
[23:23:14] [Server thread/INFO]: [bot: Unpausing server...]
[23:23:14] [Server thread/INFO]: Server unpaused.
[23:23:14] [Render thread/INFO]: [CHAT] [bot: Unpausing server...]
[23:23:14] [Render thread/INFO]: [CHAT] Server unpaused.
[23:23:15] [Server thread/INFO]: bot lost connection: Disconnected
[23:23:15] [Server thread/INFO]: bot left the game
[23:23:15] [Render thread/INFO]: [CHAT] bot left the game
[23:23:17] [User Authenticator #2/WARN]: Failed to verify username but will let them in anyway!
[23:23:17] [Server thread/INFO]: bot[/[0:0:0:0:0:0:0:1]:53660] logged in with entity id 437 at (1343.5023353540464, 66.0, 1381.5)
[23:23:17] [Server thread/INFO]: bot joined the game
[23:23:17] [Render thread/INFO]: [CHAT] bot joined the game
[23:23:19] [Server thread/INFO]: [bot: Gamerule keepInventory is now set to: true]
[23:23:19] [Server thread/INFO]: [bot: Gamerule doDaylightCycle is now set to: false]
[23:23:19] [Render thread/INFO]: [CHAT] [bot: Gamerule keepInventory is now set to: true]
[23:23:19] [Render thread/INFO]: [CHAT] [bot: Gamerule doDaylightCycle is now set to: false]
[23:23:19] [Server thread/INFO]: [bot: Pausing server...]
[23:23:19] [Server thread/INFO]: Server paused.
[23:23:19] [Render thread/INFO]: [CHAT] [bot: Pausing server...]
[23:23:19] [Render thread/INFO]: [CHAT] Server paused.
[23:23:19] [Server thread/INFO]: Saving and pausing game...
[23:23:19] [Server thread/INFO]: Saving chunks for level 'ServerLevel[Voyager 2]'/minecraft:overworld
[23:23:19] [Server thread/INFO]: Saving chunks for level 'ServerLevel[Voyager 2]'/minecraft:the_end
[23:23:19] [Server thread/INFO]: Saving chunks for level 'ServerLevel[Voyager 2]'/minecraft:the_nether
[23:23:20] [Server thread/INFO]: [bot: Unpausing server...]
[23:23:20] [Server thread/INFO]: Server unpaused.
[23:23:20] [Render thread/INFO]: [CHAT] [bot: Unpausing server...]
[23:23:20] [Render thread/INFO]: [CHAT] Server unpaused.
[23:23:22] [Server thread/INFO]: [bot: Set the time to 9000]
[23:23:22] [Server thread/INFO]: [bot: Gamerule doTileDrops is now set to: false]
[23:23:22] [Render thread/INFO]: [CHAT] [bot: Set the time to 9000]
[23:23:22] [Render thread/INFO]: [CHAT] [bot: Gamerule doTileDrops is now set to: false]
[23:23:24] [Server thread/INFO]: [bot: Gamerule doTileDrops is now set to: true]
[23:23:25] [Render thread/INFO]: [CHAT] [bot: Gamerule doTileDrops is now set to: true]
[23:23:25] [Server thread/INFO]: [bot: Pausing server...]
[23:23:25] [Server thread/INFO]: Server paused.
[23:23:25] [Render thread/INFO]: [CHAT] [bot: Pausing server...]
[23:23:25] [Render thread/INFO]: [CHAT] Server paused.
[23:23:25] [Server thread/INFO]: Saving and pausing game...
[23:23:25] [Server thread/INFO]: Saving chunks for level 'ServerLevel[Voyager 2]'/minecraft:overworld
[23:23:25] [Server thread/INFO]: Saving chunks for level 'ServerLevel[Voyager 2]'/minecraft:the_end
[23:23:25] [Server thread/INFO]: Saving chunks for level 'ServerLevel[Voyager 2]'/minecraft:the_nether
[23:24:34] [Server thread/INFO]: [bot: Unpausing server...]
[23:24:34] [Server thread/INFO]: Server unpaused.
[23:24:34] [Render thread/INFO]: [CHAT] [bot: Unpausing server...]
[23:24:34] [Render thread/INFO]: [CHAT] Server unpaused.
[23:24:36] [Server thread/INFO]: <bot> Placing chest on chest at (1344, 64, 1381)
[23:24:36] [Render thread/WARN]: Received chat packet without valid signature from bot
[23:24:36] [Render thread/INFO]: [CHAT] <bot> Placing chest on chest at (1344, 64, 1381)
[23:24:36] [Server thread/INFO]: <bot> Error placing chest: No block has been placed : the block is still air, please find another position to place
[23:24:36] [Render thread/WARN]: Received chat packet without valid signature from bot
[23:24:36] [Render thread/INFO]: [CHAT] <bot> Error placing chest: No block has been placed : the block is still air, please find another position to place
[23:24:36] [Server thread/INFO]: <bot> Chest placed.
[23:24:36] [Server thread/INFO]: [bot: Gamerule doTileDrops is now set to: false]
[23:24:36] [Render thread/WARN]: Received chat packet without valid signature from bot
[23:24:36] [Render thread/INFO]: [CHAT] <bot> Chest placed.
[23:24:36] [Render thread/INFO]: [CHAT] [bot: Gamerule doTileDrops is now set to: false]
[23:24:38] [Server thread/INFO]: [bot: Gamerule doTileDrops is now set to: true]
[23:24:38] [Render thread/INFO]: [CHAT] [bot: Gamerule doTileDrops is now set to: true]
[23:24:38] [Server thread/INFO]: [bot: Pausing server...]
[23:24:38] [Server thread/INFO]: Server paused.
[23:24:38] [Render thread/INFO]: [CHAT] [bot: Pausing server...]
[23:24:38] [Render thread/INFO]: [CHAT] Server paused.
[23:24:38] [Server thread/INFO]: Saving and pausing game...
[23:24:38] [Server thread/INFO]: Saving chunks for level 'ServerLevel[Voyager 2]'/minecraft:overworld
[23:24:38] [Server thread/INFO]: Saving chunks for level 'ServerLevel[Voyager 2]'/minecraft:the_end
[23:24:38] [Server thread/INFO]: Saving chunks for level 'ServerLevel[Voyager 2]'/minecraft:the_nether
[23:26:37] [Server thread/INFO]: [bot: Unpausing server...]
[23:26:37] [Server thread/INFO]: Server unpaused.
[23:26:37] [Render thread/INFO]: [CHAT] [bot: Unpausing server...]
[23:26:37] [Render thread/INFO]: [CHAT] Server unpaused.
[23:26:39] [Server thread/INFO]: <bot> Placing chest on chest at (1344, 64, 1381)
[23:26:39] [Render thread/WARN]: Received chat packet without valid signature from bot
[23:26:39] [Render thread/INFO]: [CHAT] <bot> Placing chest on chest at (1344, 64, 1381)
[23:26:39] [Server thread/INFO]: <bot> Error placing chest: No block has been placed : the block is still air, please find another position to place
[23:26:39] [Server thread/INFO]: <bot> Chest placed.
[23:26:39] [Render thread/WARN]: Received chat packet without valid signature from bot
[23:26:39] [Render thread/INFO]: [CHAT] <bot> Error placing chest: No block has been placed : the block is still air, please find another position to place
[23:26:39] [Render thread/WARN]: Received chat packet without valid signature from bot
[23:26:39] [Render thread/INFO]: [CHAT] <bot> Chest placed.
[23:26:39] [Server thread/INFO]: [bot: Gamerule doTileDrops is now set to: false]
[23:26:39] [Render thread/INFO]: [CHAT] [bot: Gamerule doTileDrops is now set to: false]
[23:26:42] [Server thread/INFO]: [bot: Gamerule doTileDrops is now set to: true]
[23:26:42] [Render thread/INFO]: [CHAT] [bot: Gamerule doTileDrops is now set to: true]
[23:26:42] [Server thread/INFO]: [bot: Pausing server...]
[23:26:42] [Server thread/INFO]: Server paused.
[23:26:42] [Render thread/INFO]: [CHAT] [bot: Pausing server...]
[23:26:42] [Server thread/INFO]: Saving and pausing game...
[23:26:42] [Render thread/INFO]: [CHAT] Server paused.
[23:26:42] [Server thread/INFO]: Saving chunks for level 'ServerLevel[Voyager 2]'/minecraft:overworld
[23:26:42] [Server thread/INFO]: Saving chunks for level 'ServerLevel[Voyager 2]'/minecraft:the_end
[23:26:42] [Server thread/INFO]: Saving chunks for level 'ServerLevel[Voyager 2]'/minecraft:the_nether
[23:29:20] [Server thread/INFO]: [bot: Unpausing server...]
[23:29:20] [Server thread/INFO]: Server unpaused.
[23:29:20] [Render thread/INFO]: [CHAT] [bot: Unpausing server...]
[23:29:20] [Render thread/INFO]: [CHAT] Server unpaused.
[23:29:22] [Server thread/INFO]: <bot> Placing chest on stone at (1343, 64, 1380)
[23:29:22] [Render thread/WARN]: Received chat packet without valid signature from bot
[23:29:22] [Render thread/INFO]: [CHAT] <bot> Placing chest on stone at (1343, 64, 1380)
[23:29:23] [Server thread/INFO]: <bot> Placed chest
[23:29:23] [Render thread/WARN]: Received chat packet without valid signature from bot
[23:29:23] [Render thread/INFO]: [CHAT] <bot> Placed chest
[23:29:23] [Server thread/INFO]: <bot> Chest placed.
[23:29:23] [Render thread/WARN]: Received chat packet without valid signature from bot
[23:29:23] [Render thread/INFO]: [CHAT] <bot> Chest placed.
[23:29:23] [Server thread/INFO]: [bot: Gamerule doTileDrops is now set to: false]
[23:29:23] [Render thread/INFO]: [CHAT] [bot: Gamerule doTileDrops is now set to: false]
[23:29:25] [Server thread/INFO]: [bot: Gamerule doTileDrops is now set to: true]
[23:29:25] [Render thread/INFO]: [CHAT] [bot: Gamerule doTileDrops is now set to: true]
[23:29:25] [Server thread/INFO]: [bot: Pausing server...]
[23:29:25] [Server thread/INFO]: Server paused.
[23:29:25] [Render thread/INFO]: [CHAT] [bot: Pausing server...]
[23:29:25] [Render thread/INFO]: [CHAT] Server paused.
[23:29:25] [Server thread/INFO]: Saving and pausing game...
[23:29:25] [Server thread/INFO]: Saving chunks for level 'ServerLevel[Voyager 2]'/minecraft:overworld
[23:29:25] [Server thread/INFO]: Saving chunks for level 'ServerLevel[Voyager 2]'/minecraft:the_end
[23:29:25] [Server thread/INFO]: Saving chunks for level 'ServerLevel[Voyager 2]'/minecraft:the_nether
[23:30:55] [Server thread/INFO]: [bot: Unpausing server...]
[23:30:55] [Server thread/INFO]: Server unpaused.
[23:30:55] [Render thread/INFO]: [CHAT] [bot: Unpausing server...]
[23:30:55] [Render thread/INFO]: [CHAT] Server unpaused.
[23:30:57] [Server thread/INFO]: [bot: Gamerule doTileDrops is now set to: false]
[23:30:57] [Render thread/INFO]: [CHAT] [bot: Gamerule doTileDrops is now set to: false]
[23:30:59] [Server thread/INFO]: [bot: Gamerule doTileDrops is now set to: true]
[23:30:59] [Render thread/INFO]: [CHAT] [bot: Gamerule doTileDrops is now set to: true]
[23:30:59] [Server thread/INFO]: [bot: Pausing server...]
[23:30:59] [Server thread/INFO]: Server paused.
[23:30:59] [Server thread/INFO]: Saving and pausing game...
[23:30:59] [Server thread/INFO]: Saving chunks for level 'ServerLevel[Voyager 2]'/minecraft:overworld
[23:30:59] [Server thread/INFO]: Saving chunks for level 'ServerLevel[Voyager 2]'/minecraft:the_end
[23:30:59] [Server thread/INFO]: Saving chunks for level 'ServerLevel[Voyager 2]'/minecraft:the_nether
[23:30:59] [Render thread/INFO]: [CHAT] [bot: Pausing server...]
[23:30:59] [Render thread/INFO]: [CHAT] Server paused.
[23:30:59] [Server thread/INFO]: Saving and pausing game...
[23:30:59] [Server thread/INFO]: Saving chunks for level 'ServerLevel[Voyager 2]'/minecraft:overworld
[23:30:59] [Server thread/INFO]: Saving chunks for level 'ServerLevel[Voyager 2]'/minecraft:the_end
[23:30:59] [Server thread/INFO]: Saving chunks for level 'ServerLevel[Voyager 2]'/minecraft:the_nether
[23:31:00] [Server thread/INFO]: [bot: Unpausing server...]
[23:31:00] [Server thread/INFO]: Server unpaused.
[23:31:00] [Render thread/INFO]: [CHAT] [bot: Unpausing server...]
[23:31:00] [Render thread/INFO]: [CHAT] Server unpaused.
[23:31:01] [Server thread/INFO]: bot lost connection: Disconnected
[23:31:01] [Server thread/INFO]: bot left the game
[23:31:01] [Render thread/INFO]: [CHAT] bot left the game
[23:31:04] [User Authenticator #3/WARN]: Failed to verify username but will let them in anyway!
[23:31:04] [Server thread/INFO]: bot[/[0:0:0:0:0:0:0:1]:53739] logged in with entity id 497 at (1343.5023353540464, 66.0, 1381.5)
[23:31:04] [Server thread/INFO]: bot joined the game
[23:31:04] [Render thread/INFO]: [CHAT] bot joined the game
[23:31:05] [Server thread/INFO]: [bot: Gamerule keepInventory is now set to: true]
[23:31:05] [Server thread/INFO]: [bot: Gamerule doDaylightCycle is now set to: false]
[23:31:05] [Server thread/INFO]: [bot: Pausing server...]
[23:31:05] [Server thread/INFO]: Server paused.
[23:31:05] [Render thread/INFO]: [CHAT] [bot: Gamerule keepInventory is now set to: true]
[23:31:05] [Render thread/INFO]: [CHAT] [bot: Gamerule doDaylightCycle is now set to: false]
[23:31:05] [Render thread/INFO]: [CHAT] [bot: Pausing server...]
[23:31:05] [Render thread/INFO]: [CHAT] Server paused.
[23:31:05] [Server thread/INFO]: Saving and pausing game...
[23:31:05] [Server thread/INFO]: Saving chunks for level 'ServerLevel[Voyager 2]'/minecraft:overworld
[23:31:05] [Server thread/INFO]: Saving chunks for level 'ServerLevel[Voyager 2]'/minecraft:the_end
[23:31:05] [Server thread/INFO]: Saving chunks for level 'ServerLevel[Voyager 2]'/minecraft:the_nether
[23:31:06] [Server thread/INFO]: [bot: Unpausing server...]
[23:31:06] [Server thread/INFO]: Server unpaused.
[23:31:06] [Render thread/INFO]: [CHAT] [bot: Unpausing server...]
[23:31:06] [Render thread/INFO]: [CHAT] Server unpaused.
[23:31:08] [Server thread/INFO]: [bot: Set the time to 10000]
[23:31:08] [Server thread/INFO]: [bot: Gamerule doTileDrops is now set to: false]
[23:31:08] [Render thread/INFO]: [CHAT] [bot: Set the time to 10000]
[23:31:08] [Render thread/INFO]: [CHAT] [bot: Gamerule doTileDrops is now set to: false]
[23:31:10] [Server thread/INFO]: [bot: Gave 1 [Chest] to bot]
[23:31:10] [Server thread/INFO]: [bot: Gamerule doTileDrops is now set to: true]
[23:31:10] [Render thread/INFO]: [CHAT] [bot: Gave 1 [Chest] to bot]
[23:31:10] [Render thread/INFO]: [CHAT] [bot: Gamerule doTileDrops is now set to: true]
[23:31:10] [Server thread/INFO]: [bot: Pausing server...]
[23:31:10] [Server thread/INFO]: Server paused.
[23:31:10] [Render thread/INFO]: [CHAT] [bot: Pausing server...]
[23:31:10] [Render thread/INFO]: [CHAT] Server paused.
[23:31:10] [Server thread/INFO]: Saving and pausing game...
[23:31:10] [Server thread/INFO]: Saving chunks for level 'ServerLevel[Voyager 2]'/minecraft:overworld
[23:31:10] [Server thread/INFO]: Saving chunks for level 'ServerLevel[Voyager 2]'/minecraft:the_end
[23:31:10] [Server thread/INFO]: Saving chunks for level 'ServerLevel[Voyager 2]'/minecraft:the_nether
[23:32:27] [Server thread/INFO]: [bot: Unpausing server...]
[23:32:27] [Server thread/INFO]: Server unpaused.
[23:32:27] [Render thread/INFO]: [CHAT] [bot: Unpausing server...]
[23:32:27] [Render thread/INFO]: [CHAT] Server unpaused.
[23:32:29] [Server thread/INFO]: <bot> Placing chest on chest at (1344, 64, 1381)
[23:32:29] [Render thread/WARN]: Received chat packet without valid signature from bot
[23:32:29] [Render thread/INFO]: [CHAT] <bot> Placing chest on chest at (1344, 64, 1381)
[23:32:29] [Server thread/INFO]: <bot> Error placing chest: No block has been placed : the block is still air, please find another position to place
[23:32:29] [Render thread/WARN]: Received chat packet without valid signature from bot
[23:32:29] [Render thread/INFO]: [CHAT] <bot> Error placing chest: No block has been placed : the block is still air, please find another position to place
[23:32:29] [Server thread/INFO]: <bot> Chest placed.
[23:32:29] [Render thread/WARN]: Received chat packet without valid signature from bot
[23:32:29] [Render thread/INFO]: [CHAT] <bot> Chest placed.
[23:32:29] [Server thread/INFO]: [bot: Gamerule doTileDrops is now set to: false]
[23:32:29] [Render thread/INFO]: [CHAT] [bot: Gamerule doTileDrops is now set to: false]
[23:32:31] [Server thread/INFO]: [bot: Gamerule doTileDrops is now set to: true]
[23:32:31] [Render thread/INFO]: [CHAT] [bot: Gamerule doTileDrops is now set to: true]
[23:32:31] [Server thread/INFO]: [bot: Pausing server...]
[23:32:31] [Server thread/INFO]: Server paused.
[23:32:31] [Render thread/INFO]: [CHAT] [bot: Pausing server...]
[23:32:31] [Render thread/INFO]: [CHAT] Server paused.
[23:32:31] [Server thread/INFO]: Saving and pausing game...
[23:32:31] [Server thread/INFO]: Saving chunks for level 'ServerLevel[Voyager 2]'/minecraft:overworld
[23:32:31] [Server thread/INFO]: Saving chunks for level 'ServerLevel[Voyager 2]'/minecraft:the_end
[23:32:31] [Server thread/INFO]: Saving chunks for level 'ServerLevel[Voyager 2]'/minecraft:the_nether
[23:33:08] [IO-Worker-39/INFO]: System default audio device has changed!
[23:33:08] [Render thread/WARN]: Missing sound for event: minecraft:item.goat_horn.play
[23:33:08] [Render thread/WARN]: Missing sound for event: minecraft:entity.goat.screaming.horn_break
[23:33:08] [Render thread/INFO]: OpenAL initialized on device OpenAL Soft on ƒwƒbƒhƒzƒ“ (JBL LIVE FREE 2 TWS)
[23:33:08] [Render thread/INFO]: Sound engine started
[23:33:11] [Render thread/INFO]: Audio device was lost!
[23:33:11] [Render thread/WARN]: Missing sound for event: minecraft:item.goat_horn.play
[23:33:11] [Render thread/WARN]: Missing sound for event: minecraft:entity.goat.screaming.horn_break
[23:33:11] [Render thread/INFO]: OpenAL initialized on device OpenAL Soft on BenQ GW2480 (NVIDIA High Definition Audio)
[23:33:11] [Render thread/INFO]: Sound engine started
[23:33:12] [IO-Worker-39/INFO]: System default audio device has changed!
[23:33:12] [Render thread/WARN]: Missing sound for event: minecraft:item.goat_horn.play
[23:33:12] [Render thread/WARN]: Missing sound for event: minecraft:entity.goat.screaming.horn_break
[23:33:12] [Render thread/INFO]: OpenAL initialized on device OpenAL Soft on BenQ GW2480 (NVIDIA High Definition Audio)
[23:33:12] [Render thread/INFO]: Sound engine started
[23:34:49] [Server thread/INFO]: [bot: Unpausing server...]
[23:34:49] [Server thread/INFO]: Server unpaused.
[23:34:49] [Render thread/INFO]: [CHAT] [bot: Unpausing server...]
[23:34:49] [Render thread/INFO]: [CHAT] Server unpaused.
[23:34:51] [Server thread/INFO]: <bot> Placing chest on chest at (1344, 64, 1381)
[23:34:51] [Render thread/WARN]: Received chat packet without valid signature from bot
[23:34:51] [Render thread/INFO]: [CHAT] <bot> Placing chest on chest at (1344, 64, 1381)
[23:34:51] [Server thread/INFO]: <bot> Error placing chest: No block has been placed : the block is still air, please find another position to place
[23:34:51] [Server thread/INFO]: <bot> Chest placed.
[23:34:51] [Render thread/WARN]: Received chat packet without valid signature from bot
[23:34:51] [Render thread/INFO]: [CHAT] <bot> Error placing chest: No block has been placed : the block is still air, please find another position to place
[23:34:51] [Render thread/WARN]: Received chat packet without valid signature from bot
[23:34:51] [Render thread/INFO]: [CHAT] <bot> Chest placed.
[23:34:51] [Server thread/INFO]: [bot: Gamerule doTileDrops is now set to: false]
[23:34:51] [Render thread/INFO]: [CHAT] [bot: Gamerule doTileDrops is now set to: false]
[23:34:53] [Server thread/INFO]: [bot: Gamerule doTileDrops is now set to: true]
[23:34:53] [Render thread/INFO]: [CHAT] [bot: Gamerule doTileDrops is now set to: true]
[23:34:53] [Server thread/INFO]: [bot: Pausing server...]
[23:34:53] [Server thread/INFO]: Server paused.
[23:34:53] [Render thread/INFO]: [CHAT] [bot: Pausing server...]
[23:34:53] [Render thread/INFO]: [CHAT] Server paused.
[23:34:53] [Server thread/INFO]: Saving and pausing game...
[23:34:53] [Server thread/INFO]: Saving chunks for level 'ServerLevel[Voyager 2]'/minecraft:overworld
[23:34:53] [Server thread/INFO]: Saving chunks for level 'ServerLevel[Voyager 2]'/minecraft:the_end
[23:34:53] [Server thread/INFO]: Saving chunks for level 'ServerLevel[Voyager 2]'/minecraft:the_nether
[23:37:01] [Server thread/INFO]: [bot: Unpausing server...]
[23:37:01] [Server thread/INFO]: Server unpaused.
[23:37:01] [Render thread/INFO]: [CHAT] [bot: Unpausing server...]
[23:37:01] [Render thread/INFO]: [CHAT] Server unpaused.
[23:37:03] [Server thread/INFO]: <bot> Placing chest on chest at (1344, 64, 1381)
[23:37:03] [Render thread/WARN]: Received chat packet without valid signature from bot
[23:37:03] [Render thread/INFO]: [CHAT] <bot> Placing chest on chest at (1344, 64, 1381)
[23:37:03] [Server thread/INFO]: <bot> Error placing chest: No block has been placed : the block is still air, please find another position to place
[23:37:03] [Server thread/INFO]: <bot> Chest placed.
[23:37:03] [Render thread/WARN]: Received chat packet without valid signature from bot
[23:37:03] [Render thread/INFO]: [CHAT] <bot> Error placing chest: No block has been placed : the block is still air, please find another position to place
[23:37:03] [Render thread/WARN]: Received chat packet without valid signature from bot
[23:37:03] [Render thread/INFO]: [CHAT] <bot> Chest placed.
[23:37:03] [Server thread/INFO]: [bot: Gamerule doTileDrops is now set to: false]
[23:37:03] [Render thread/INFO]: [CHAT] [bot: Gamerule doTileDrops is now set to: false]
[23:37:05] [Server thread/INFO]: [bot: Gamerule doTileDrops is now set to: true]
[23:37:05] [Render thread/INFO]: [CHAT] [bot: Gamerule doTileDrops is now set to: true]
[23:37:05] [Server thread/INFO]: [bot: Pausing server...]
[23:37:05] [Server thread/INFO]: Server paused.
[23:37:05] [Render thread/INFO]: [CHAT] [bot: Pausing server...]
[23:37:05] [Render thread/INFO]: [CHAT] Server paused.
[23:37:05] [Server thread/INFO]: Saving and pausing game...
[23:37:05] [Server thread/INFO]: Saving chunks for level 'ServerLevel[Voyager 2]'/minecraft:overworld
[23:37:05] [Server thread/INFO]: Saving chunks for level 'ServerLevel[Voyager 2]'/minecraft:the_end
[23:37:05] [Server thread/INFO]: Saving chunks for level 'ServerLevel[Voyager 2]'/minecraft:the_nether
[23:40:13] [Server thread/INFO]: [bot: Unpausing server...]
[23:40:13] [Server thread/INFO]: Server unpaused.
[23:40:13] [Render thread/INFO]: [CHAT] [bot: Unpausing server...]
[23:40:13] [Render thread/INFO]: [CHAT] Server unpaused.
[23:40:15] [Server thread/INFO]: <bot> Placing chest on chest at (1344, 64, 1381)
[23:40:15] [Render thread/WARN]: Received chat packet without valid signature from bot
[23:40:15] [Render thread/INFO]: [CHAT] <bot> Placing chest on chest at (1344, 64, 1381)
[23:40:15] [Server thread/INFO]: <bot> Error placing chest: No block has been placed : the block is still air, please find another position to place
[23:40:15] [Server thread/INFO]: <bot> Chest placed.
[23:40:15] [Render thread/WARN]: Received chat packet without valid signature from bot
[23:40:15] [Render thread/INFO]: [CHAT] <bot> Error placing chest: No block has been placed : the block is still air, please find another position to place
[23:40:15] [Render thread/WARN]: Received chat packet without valid signature from bot
[23:40:15] [Render thread/INFO]: [CHAT] <bot> Chest placed.
[23:40:15] [Server thread/INFO]: [bot: Gamerule doTileDrops is now set to: false]
[23:40:15] [Render thread/INFO]: [CHAT] [bot: Gamerule doTileDrops is now set to: false]
[23:40:17] [Server thread/INFO]: [bot: Gamerule doTileDrops is now set to: true]
[23:40:17] [Render thread/INFO]: [CHAT] [bot: Gamerule doTileDrops is now set to: true]
[23:40:17] [Server thread/INFO]: [bot: Pausing server...]
[23:40:17] [Server thread/INFO]: Server paused.
[23:40:17] [Render thread/INFO]: [CHAT] [bot: Pausing server...]
[23:40:17] [Render thread/INFO]: [CHAT] Server paused.
[23:40:17] [Server thread/INFO]: Saving and pausing game...
[23:40:17] [Server thread/INFO]: Saving chunks for level 'ServerLevel[Voyager 2]'/minecraft:overworld
[23:40:17] [Server thread/INFO]: Saving chunks for level 'ServerLevel[Voyager 2]'/minecraft:the_end
[23:40:17] [Server thread/INFO]: Saving chunks for level 'ServerLevel[Voyager 2]'/minecraft:the_nether
[23:40:19] [Server thread/INFO]: [bot: Unpausing server...]
[23:40:19] [Server thread/INFO]: Server unpaused.
[23:40:19] [Render thread/INFO]: [CHAT] [bot: Unpausing server...]
[23:40:19] [Render thread/INFO]: [CHAT] Server unpaused.
[23:40:20] [Server thread/INFO]: bot lost connection: Disconnected
[23:40:20] [Server thread/INFO]: bot left the game
[23:40:20] [Render thread/INFO]: [CHAT] bot left the game
[23:40:22] [User Authenticator #4/WARN]: Failed to verify username but will let them in anyway!
[23:40:22] [Server thread/INFO]: bot[/[0:0:0:0:0:0:0:1]:53813] logged in with entity id 578 at (1343.5023353540464, 66.0, 1381.5)
[23:40:22] [Server thread/INFO]: bot joined the game
[23:40:22] [Render thread/INFO]: [CHAT] bot joined the game
[23:40:23] [Server thread/INFO]: [bot: Gamerule keepInventory is now set to: true]
[23:40:23] [Server thread/INFO]: [bot: Gamerule doDaylightCycle is now set to: false]
[23:40:23] [Server thread/INFO]: [bot: Pausing server...]
[23:40:23] [Server thread/INFO]: Server paused.
[23:40:23] [Render thread/INFO]: [CHAT] [bot: Gamerule keepInventory is now set to: true]
[23:40:23] [Render thread/INFO]: [CHAT] [bot: Gamerule doDaylightCycle is now set to: false]
[23:40:23] [Render thread/INFO]: [CHAT] [bot: Pausing server...]
[23:40:23] [Render thread/INFO]: [CHAT] Server paused.
[23:40:23] [Server thread/INFO]: Saving and pausing game...
[23:40:23] [Server thread/INFO]: Saving chunks for level 'ServerLevel[Voyager 2]'/minecraft:overworld
[23:40:23] [Server thread/INFO]: Saving chunks for level 'ServerLevel[Voyager 2]'/minecraft:the_end
[23:40:23] [Server thread/INFO]: Saving chunks for level 'ServerLevel[Voyager 2]'/minecraft:the_nether
[23:40:24] [Server thread/INFO]: [bot: Unpausing server...]
[23:40:24] [Server thread/INFO]: Server unpaused.
[23:40:24] [Render thread/INFO]: [CHAT] [bot: Unpausing server...]
[23:40:24] [Render thread/INFO]: [CHAT] Server unpaused.
[23:40:26] [Server thread/INFO]: [bot: Set the time to 11000]
[23:40:26] [Server thread/INFO]: [bot: Gamerule doTileDrops is now set to: false]
[23:40:26] [Render thread/INFO]: [CHAT] [bot: Set the time to 11000]
[23:40:26] [Render thread/INFO]: [CHAT] [bot: Gamerule doTileDrops is now set to: false]
[23:40:28] [Server thread/INFO]: [bot: Gamerule doTileDrops is now set to: true]
[23:40:28] [Render thread/INFO]: [CHAT] [bot: Gamerule doTileDrops is now set to: true]
[23:40:28] [Server thread/INFO]: [bot: Pausing server...]
[23:40:28] [Server thread/INFO]: Server paused.
[23:40:28] [Render thread/INFO]: [CHAT] [bot: Pausing server...]
[23:40:28] [Render thread/INFO]: [CHAT] Server paused.
[23:40:28] [Server thread/INFO]: Saving and pausing game...
[23:40:28] [Server thread/INFO]: Saving chunks for level 'ServerLevel[Voyager 2]'/minecraft:overworld
[23:40:28] [Server thread/INFO]: Saving chunks for level 'ServerLevel[Voyager 2]'/minecraft:the_end
[23:40:28] [Server thread/INFO]: Saving chunks for level 'ServerLevel[Voyager 2]'/minecraft:the_nether
[23:41:51] [Server thread/INFO]: [bot: Unpausing server...]
[23:41:51] [Server thread/INFO]: Server unpaused.
[23:41:51] [Render thread/INFO]: [CHAT] [bot: Unpausing server...]
[23:41:51] [Render thread/INFO]: [CHAT] Server unpaused.
[23:41:53] [Server thread/INFO]: <bot> Placing chest on chest at (1344, 64, 1381)
[23:41:53] [Render thread/WARN]: Received chat packet without valid signature from bot
[23:41:53] [Render thread/INFO]: [CHAT] <bot> Placing chest on chest at (1344, 64, 1381)
[23:41:53] [Server thread/INFO]: <bot> Error placing chest: No block has been placed : the block is still air, please find another position to place
[23:41:53] [Render thread/WARN]: Received chat packet without valid signature from bot
[23:41:53] [Render thread/INFO]: [CHAT] <bot> Error placing chest: No block has been placed : the block is still air, please find another position to place
[23:41:53] [Server thread/INFO]: <bot> Chest placed.
[23:41:53] [Render thread/WARN]: Received chat packet without valid signature from bot
[23:41:53] [Render thread/INFO]: [CHAT] <bot> Chest placed.
[23:41:53] [Server thread/INFO]: [bot: Gamerule doTileDrops is now set to: false]
[23:41:53] [Render thread/INFO]: [CHAT] [bot: Gamerule doTileDrops is now set to: false]
[23:41:55] [Server thread/INFO]: [bot: Gamerule doTileDrops is now set to: true]
[23:41:55] [Render thread/INFO]: [CHAT] [bot: Gamerule doTileDrops is now set to: true]
[23:41:55] [Server thread/INFO]: [bot: Pausing server...]
[23:41:55] [Server thread/INFO]: Server paused.
[23:41:55] [Render thread/INFO]: [CHAT] [bot: Pausing server...]
[23:41:55] [Render thread/INFO]: [CHAT] Server paused.
[23:41:55] [Server thread/INFO]: Saving and pausing game...
[23:41:55] [Server thread/INFO]: Saving chunks for level 'ServerLevel[Voyager 2]'/minecraft:overworld
[23:41:55] [Server thread/INFO]: Saving chunks for level 'ServerLevel[Voyager 2]'/minecraft:the_end
[23:41:55] [Server thread/INFO]: Saving chunks for level 'ServerLevel[Voyager 2]'/minecraft:the_nether
[23:44:01] [Server thread/INFO]: [bot: Unpausing server...]
[23:44:01] [Server thread/INFO]: Server unpaused.
[23:44:01] [Render thread/INFO]: [CHAT] [bot: Unpausing server...]
[23:44:01] [Render thread/INFO]: [CHAT] Server unpaused.
[23:44:03] [Server thread/INFO]: <bot> Placing chest on chest at (1344, 64, 1381)
[23:44:03] [Render thread/WARN]: Received chat packet without valid signature from bot
[23:44:03] [Render thread/INFO]: [CHAT] <bot> Placing chest on chest at (1344, 64, 1381)
[23:44:03] [Server thread/INFO]: <bot> Error placing chest: No block has been placed : the block is still air, please find another position to place
[23:44:03] [Render thread/WARN]: Received chat packet without valid signature from bot
[23:44:03] [Render thread/INFO]: [CHAT] <bot> Error placing chest: No block has been placed : the block is still air, please find another position to place
[23:44:03] [Server thread/INFO]: <bot> Chest placed.
[23:44:03] [Render thread/WARN]: Received chat packet without valid signature from bot
[23:44:03] [Render thread/INFO]: [CHAT] <bot> Chest placed.
[23:44:03] [Server thread/INFO]: [bot: Gamerule doTileDrops is now set to: false]
[23:44:03] [Render thread/INFO]: [CHAT] [bot: Gamerule doTileDrops is now set to: false]
[23:44:05] [Server thread/INFO]: [bot: Gamerule doTileDrops is now set to: true]
[23:44:05] [Render thread/INFO]: [CHAT] [bot: Gamerule doTileDrops is now set to: true]
[23:44:05] [Server thread/INFO]: [bot: Pausing server...]
[23:44:05] [Server thread/INFO]: Server paused.
[23:44:05] [Server thread/INFO]: Saving and pausing game...
[23:44:05] [Server thread/INFO]: Saving chunks for level 'ServerLevel[Voyager 2]'/minecraft:overworld
[23:44:05] [Render thread/INFO]: [CHAT] [bot: Pausing server...]
[23:44:05] [Render thread/INFO]: [CHAT] Server paused.
[23:44:05] [Server thread/INFO]: Saving chunks for level 'ServerLevel[Voyager 2]'/minecraft:the_end
[23:44:05] [Server thread/INFO]: Saving chunks for level 'ServerLevel[Voyager 2]'/minecraft:the_nether
[23:44:05] [Server thread/INFO]: Saving and pausing game...
[23:44:05] [Server thread/INFO]: Saving chunks for level 'ServerLevel[Voyager 2]'/minecraft:overworld
[23:44:05] [Server thread/INFO]: Saving chunks for level 'ServerLevel[Voyager 2]'/minecraft:the_end
[23:44:05] [Server thread/INFO]: Saving chunks for level 'ServerLevel[Voyager 2]'/minecraft:the_nether
[23:45:49] [Server thread/INFO]: [bot: Unpausing server...]
[23:45:49] [Server thread/INFO]: Server unpaused.
[23:45:49] [Render thread/INFO]: [CHAT] [bot: Unpausing server...]
[23:45:49] [Render thread/INFO]: [CHAT] Server unpaused.
[23:45:52] [Server thread/INFO]: [bot: Gamerule doTileDrops is now set to: false]
[23:45:52] [Render thread/INFO]: [CHAT] [bot: Gamerule doTileDrops is now set to: false]
[23:45:54] [Server thread/INFO]: [bot: Gamerule doTileDrops is now set to: true]
[23:45:54] [Render thread/INFO]: [CHAT] [bot: Gamerule doTileDrops is now set to: true]
[23:45:54] [Server thread/INFO]: [bot: Pausing server...]
[23:45:54] [Server thread/INFO]: Server paused.
[23:45:54] [Render thread/INFO]: [CHAT] [bot: Pausing server...]
[23:45:54] [Render thread/INFO]: [CHAT] Server paused.
[23:45:54] [Server thread/INFO]: Saving and pausing game...
[23:45:54] [Server thread/INFO]: Saving chunks for level 'ServerLevel[Voyager 2]'/minecraft:overworld
[23:45:54] [Server thread/INFO]: Saving chunks for level 'ServerLevel[Voyager 2]'/minecraft:the_end
[23:45:54] [Server thread/INFO]: Saving chunks for level 'ServerLevel[Voyager 2]'/minecraft:the_nether
[23:49:11] [Server thread/INFO]: [bot: Unpausing server...]
[23:49:11] [Server thread/INFO]: Server unpaused.
[23:49:11] [Render thread/INFO]: [CHAT] [bot: Unpausing server...]
[23:49:11] [Render thread/INFO]: [CHAT] Server unpaused.
[23:49:13] [Server thread/INFO]: <bot> Placing chest on dirt at (1343, 65, 1381)
[23:49:13] [Render thread/WARN]: Received chat packet without valid signature from bot
[23:49:13] [Render thread/INFO]: [CHAT] <bot> Placing chest on dirt at (1343, 65, 1381)
[23:49:15] [Server thread/INFO]: <bot> Placed chest
[23:49:15] [Render thread/WARN]: Received chat packet without valid signature from bot
[23:49:15] [Render thread/INFO]: [CHAT] <bot> Placed chest
[23:49:15] [Server thread/INFO]: <bot> Chest placed.
[23:49:15] [Render thread/WARN]: Received chat packet without valid signature from bot
[23:49:15] [Render thread/INFO]: [CHAT] <bot> Chest placed.
[23:49:15] [Server thread/INFO]: [bot: Gamerule doTileDrops is now set to: false]
[23:49:15] [Render thread/INFO]: [CHAT] [bot: Gamerule doTileDrops is now set to: false]
[23:49:17] [Server thread/INFO]: [bot: Gamerule doTileDrops is now set to: true]
[23:49:17] [Render thread/INFO]: [CHAT] [bot: Gamerule doTileDrops is now set to: true]
[23:49:17] [Server thread/INFO]: [bot: Pausing server...]
[23:49:17] [Server thread/INFO]: Server paused.
[23:49:17] [Server thread/INFO]: Saving and pausing game...
[23:49:17] [Render thread/INFO]: [CHAT] [bot: Pausing server...]
[23:49:17] [Render thread/INFO]: [CHAT] Server paused.
[23:49:17] [Server thread/INFO]: Saving chunks for level 'ServerLevel[Voyager 2]'/minecraft:overworld
[23:49:17] [Server thread/INFO]: Saving chunks for level 'ServerLevel[Voyager 2]'/minecraft:the_end
[23:49:17] [Server thread/INFO]: Saving chunks for level 'ServerLevel[Voyager 2]'/minecraft:the_nether
[23:49:17] [Server thread/INFO]: Saving and pausing game...
[23:49:17] [Server thread/INFO]: Saving chunks for level 'ServerLevel[Voyager 2]'/minecraft:overworld
[23:49:17] [Server thread/INFO]: Saving chunks for level 'ServerLevel[Voyager 2]'/minecraft:the_end
[23:49:17] [Server thread/INFO]: Saving chunks for level 'ServerLevel[Voyager 2]'/minecraft:the_nether
[23:49:19] [Server thread/INFO]: [bot: Unpausing server...]
[23:49:19] [Server thread/INFO]: Server unpaused.
[23:49:19] [Render thread/INFO]: [CHAT] [bot: Unpausing server...]
[23:49:19] [Render thread/INFO]: [CHAT] Server unpaused.
[23:49:20] [Server thread/INFO]: bot lost connection: Disconnected
[23:49:20] [Server thread/INFO]: bot left the game
[23:49:20] [Render thread/INFO]: [CHAT] bot left the game
[23:49:22] [User Authenticator #5/WARN]: Failed to verify username but will let them in anyway!
[23:49:22] [Server thread/INFO]: bot[/[0:0:0:0:0:0:0:1]:53861] logged in with entity id 681 at (1344.348313138694, 64.875, 1381.5)
[23:49:22] [Server thread/INFO]: bot joined the game
[23:49:22] [Render thread/INFO]: [CHAT] bot joined the game
[23:49:23] [Server thread/INFO]: [bot: Gamerule keepInventory is now set to: true]
[23:49:23] [Server thread/INFO]: [bot: Gamerule doDaylightCycle is now set to: false]
[23:49:23] [Server thread/INFO]: [bot: Pausing server...]
[23:49:23] [Server thread/INFO]: Server paused.
[23:49:23] [Server thread/INFO]: Saving and pausing game...
[23:49:23] [Render thread/INFO]: [CHAT] [bot: Gamerule keepInventory is now set to: true]
[23:49:23] [Render thread/INFO]: [CHAT] [bot: Gamerule doDaylightCycle is now set to: false]
[23:49:23] [Render thread/INFO]: [CHAT] [bot: Pausing server...]
[23:49:23] [Render thread/INFO]: [CHAT] Server paused.
[23:49:23] [Server thread/INFO]: Saving chunks for level 'ServerLevel[Voyager 2]'/minecraft:overworld
[23:49:23] [Server thread/INFO]: Saving chunks for level 'ServerLevel[Voyager 2]'/minecraft:the_end
[23:49:23] [Server thread/INFO]: Saving chunks for level 'ServerLevel[Voyager 2]'/minecraft:the_nether
[23:49:23] [Server thread/INFO]: Saving and pausing game...
[23:49:23] [Server thread/INFO]: Saving chunks for level 'ServerLevel[Voyager 2]'/minecraft:overworld
[23:49:23] [Server thread/INFO]: Saving chunks for level 'ServerLevel[Voyager 2]'/minecraft:the_end
[23:49:23] [Server thread/INFO]: Saving chunks for level 'ServerLevel[Voyager 2]'/minecraft:the_nether
[23:49:24] [Server thread/INFO]: [bot: Unpausing server...]
[23:49:24] [Server thread/INFO]: Server unpaused.
[23:49:24] [Render thread/INFO]: [CHAT] [bot: Unpausing server...]
[23:49:24] [Render thread/INFO]: [CHAT] Server unpaused.
[23:49:26] [Server thread/INFO]: [bot: Set the time to 12000]
[23:49:26] [Server thread/INFO]: [bot: Gamerule doTileDrops is now set to: false]
[23:49:26] [Render thread/INFO]: [CHAT] [bot: Set the time to 12000]
[23:49:26] [Render thread/INFO]: [CHAT] [bot: Gamerule doTileDrops is now set to: false]
[23:49:28] [Server thread/INFO]: [bot: Gave 1 [Chest] to bot]
[23:49:28] [Server thread/INFO]: [bot: Gamerule doTileDrops is now set to: true]
[23:49:28] [Render thread/INFO]: [CHAT] [bot: Gave 1 [Chest] to bot]
[23:49:28] [Render thread/INFO]: [CHAT] [bot: Gamerule doTileDrops is now set to: true]
[23:49:28] [Server thread/INFO]: [bot: Pausing server...]
[23:49:28] [Server thread/INFO]: Server paused.
[23:49:28] [Render thread/INFO]: [CHAT] [bot: Pausing server...]
[23:49:28] [Render thread/INFO]: [CHAT] Server paused.
[23:49:28] [Server thread/INFO]: Saving and pausing game...
[23:49:28] [Server thread/INFO]: Saving chunks for level 'ServerLevel[Voyager 2]'/minecraft:overworld
[23:49:28] [Server thread/INFO]: Saving chunks for level 'ServerLevel[Voyager 2]'/minecraft:the_end
[23:49:28] [Server thread/INFO]: Saving chunks for level 'ServerLevel[Voyager 2]'/minecraft:the_nether
[23:50:47] [Server thread/INFO]: [bot: Unpausing server...]
[23:50:47] [Server thread/INFO]: Server unpaused.
[23:50:47] [Render thread/INFO]: [CHAT] [bot: Unpausing server...]
[23:50:47] [Render thread/INFO]: [CHAT] Server unpaused.
[23:50:49] [Server thread/INFO]: <bot> Placing chest on stone at (1345, 62, 1381)
[23:50:49] [Render thread/WARN]: Received chat packet without valid signature from bot
[23:50:49] [Render thread/INFO]: [CHAT] <bot> Placing chest on stone at (1345, 62, 1381)
[23:50:54] [Server thread/INFO]: <bot> Placed chest
[23:50:54] [Render thread/WARN]: Received chat packet without valid signature from bot
[23:50:54] [Render thread/INFO]: [CHAT] <bot> Placed chest
[23:50:54] [Server thread/INFO]: <bot> Chest placed.
[23:50:54] [Render thread/WARN]: Received chat packet without valid signature from bot
[23:50:54] [Render thread/INFO]: [CHAT] <bot> Chest placed.
[23:50:54] [Server thread/INFO]: [bot: Gamerule doTileDrops is now set to: false]
[23:50:54] [Render thread/INFO]: [CHAT] [bot: Gamerule doTileDrops is now set to: false]
[23:50:56] [Server thread/INFO]: [bot: Gamerule doTileDrops is now set to: true]
[23:50:56] [Render thread/INFO]: [CHAT] [bot: Gamerule doTileDrops is now set to: true]
[23:50:56] [Server thread/INFO]: [bot: Pausing server...]
[23:50:56] [Server thread/INFO]: Server paused.
[23:50:56] [Render thread/INFO]: [CHAT] [bot: Pausing server...]
[23:50:56] [Render thread/INFO]: [CHAT] Server paused.
[23:50:56] [Server thread/INFO]: Saving and pausing game...
[23:50:56] [Server thread/INFO]: Saving chunks for level 'ServerLevel[Voyager 2]'/minecraft:overworld
[23:50:56] [Server thread/INFO]: Saving chunks for level 'ServerLevel[Voyager 2]'/minecraft:the_end
[23:50:56] [Server thread/INFO]: Saving chunks for level 'ServerLevel[Voyager 2]'/minecraft:the_nether
[23:52:34] [Server thread/INFO]: Saving and pausing game...
[23:52:34] [Server thread/INFO]: Saving chunks for level 'ServerLevel[Voyager 2]'/minecraft:overworld
[23:52:34] [Server thread/INFO]: Saving chunks for level 'ServerLevel[Voyager 2]'/minecraft:the_end
[23:52:34] [Server thread/INFO]: Saving chunks for level 'ServerLevel[Voyager 2]'/minecraft:the_nether
[23:52:34] [Server thread/INFO]: swen128 lost connection: Disconnected
[23:52:34] [Server thread/INFO]: swen128 left the game
[23:52:34] [Server thread/INFO]: Stopping singleplayer server as player logged out
[23:52:34] [Server thread/INFO]: Stopping server
[23:52:34] [Server thread/INFO]: Saving players
[23:52:34] [Server thread/INFO]: Saving worlds
[23:52:36] [Server thread/INFO]: Saving chunks for level 'ServerLevel[Voyager 2]'/minecraft:overworld
[23:52:36] [Server thread/INFO]: Saving chunks for level 'ServerLevel[Voyager 2]'/minecraft:the_end
[23:52:36] [Server thread/INFO]: Saving chunks for level 'ServerLevel[Voyager 2]'/minecraft:the_nether
[23:52:36] [Server thread/INFO]: ThreadedAnvilChunkStorage (Voyager 2): All chunks are saved
[23:52:36] [Server thread/INFO]: ThreadedAnvilChunkStorage (DIM1): All chunks are saved
[23:52:36] [Server thread/INFO]: ThreadedAnvilChunkStorage (DIM-1): All chunks are saved
[23:52:36] [Server thread/INFO]: ThreadedAnvilChunkStorage: All dimensions are saved
[23:52:59] [Render thread/INFO]: Opening replay in viewer: C:\Users\fujji\AppData\Roaming\.minecraft\replay_recordings\2023_05_30_23_22_53.mcpr
[23:53:00] [Thread-41/INFO]: Loaded entity tracker in 329ms
[23:53:08] [Render thread/INFO]: [CHAT] bot joined the game
[23:53:10] [Render thread/INFO]: [CHAT] [bot: Gamerule keepInventory is now set to: true]
[23:53:10] [Render thread/INFO]: [CHAT] [bot: Gamerule doDaylightCycle is now set to: false]
[23:53:10] [Render thread/INFO]: [CHAT] [bot: Pausing server...]
[23:53:10] [Render thread/INFO]: [CHAT] Server paused.
[23:53:10] [Render thread/INFO]: [CHAT] [bot: Unpausing server...]
[23:53:10] [Render thread/INFO]: [CHAT] Server unpaused.
[23:53:11] [Render thread/INFO]: [CHAT] Now spectating bot
[23:53:12] [Render thread/INFO]: [CHAT] [bot: Gamerule doTileDrops is now set to: false]
[23:53:14] [Render thread/INFO]: [CHAT] [bot: Gamerule doTileDrops is now set to: true]
[23:53:14] [Render thread/INFO]: [CHAT] [bot: Pausing server...]
[23:53:14] [Render thread/INFO]: [CHAT] Server paused.
[23:53:14] [Render thread/INFO]: [CHAT] [bot: Unpausing server...]
[23:53:14] [Render thread/INFO]: [CHAT] Server unpaused.
[23:53:15] [Render thread/INFO]: [CHAT] bot left the game
[23:53:17] [Render thread/INFO]: [CHAT] bot joined the game
[23:53:24] [Render thread/INFO]: Opening replay in viewer: C:\Users\fujji\AppData\Roaming\.minecraft\replay_recordings\2023_05_30_20_53_09.mcpr
[23:53:30] [Thread-46/INFO]: Loaded entity tracker in 6598ms
[23:53:40] [Render thread/INFO]: [CHAT] bot joined the game
[23:53:42] [Render thread/INFO]: [CHAT] [bot: Gamerule keepInventory is now set to: true]
[23:53:42] [Render thread/INFO]: [CHAT] [bot: Gamerule doDaylightCycle is now set to: false]
[23:53:42] [Render thread/INFO]: [CHAT] [bot: Pausing server...]
[23:53:42] [Render thread/INFO]: [CHAT] Server paused.
[23:53:42] [Render thread/INFO]: [CHAT] [bot: Unpausing server...]
[23:53:42] [Render thread/INFO]: [CHAT] Server unpaused.
[23:53:44] [Render thread/INFO]: [CHAT] Now spectating bot
[23:53:44] [Render thread/INFO]: [CHAT] [bot: Gamerule doTileDrops is now set to: false]
[23:54:30] [Render thread/INFO]: [CHAT] [bot: Gamerule doTileDrops is now set to: true]
[23:54:30] [Render thread/INFO]: [CHAT] [bot: Pausing server...]
[23:54:30] [Render thread/INFO]: [CHAT] Server paused.
[23:54:30] [Render thread/INFO]: [CHAT] [bot: Unpausing server...]
[23:54:30] [Render thread/INFO]: [CHAT] Server unpaused.
[23:54:31] [Render thread/INFO]: [CHAT] bot left the game
[23:54:33] [Render thread/INFO]: [CHAT] bot joined the game
[23:54:35] [Render thread/INFO]: [CHAT] [bot: Gamerule keepInventory is now set to: true]
[23:54:35] [Render thread/INFO]: [CHAT] [bot: Gamerule doDaylightCycle is now set to: false]
[23:54:35] [Render thread/INFO]: [CHAT] [bot: Pausing server...]
[23:54:35] [Render thread/INFO]: [CHAT] Server paused.
[23:54:35] [Render thread/INFO]: [CHAT] [bot: Unpausing server...]
[23:54:35] [Render thread/INFO]: [CHAT] Server unpaused.
[23:54:37] [Render thread/INFO]: [CHAT] [bot: Set the time to 8000]
[23:54:37] [Render thread/INFO]: [CHAT] [bot: Gamerule doTileDrops is now set to: false]
[23:54:40] [Render thread/INFO]: [CHAT] [bot: Gamerule doTileDrops is now set to: true]
[23:54:40] [Render thread/INFO]: [CHAT] [bot: Pausing server...]
[23:54:40] [Render thread/INFO]: [CHAT] Server paused.
[23:54:40] [Render thread/INFO]: [CHAT] [bot: Unpausing server...]
[23:54:40] [Render thread/INFO]: [CHAT] Server unpaused.
[23:54:43] [Render thread/WARN]: Received expired chat packet from bot
[23:54:43] [Render thread/WARN]: Received chat packet without valid signature from bot
[23:54:43] [Render thread/INFO]: [CHAT] <bot> Craft without a crafting table
[23:54:43] [Render thread/WARN]: Received expired chat packet from bot
[23:54:43] [Render thread/WARN]: Received chat packet without valid signature from bot
[23:54:43] [Render thread/INFO]: [CHAT] <bot> I can make stick
[23:54:43] [Render thread/WARN]: Received expired chat packet from bot
[23:54:43] [Render thread/WARN]: Received chat packet without valid signature from bot
[23:54:43] [Render thread/INFO]: [CHAT] <bot> I did the recipe for stick 1 times
[23:54:43] [Render thread/WARN]: Received expired chat packet from bot
[23:54:43] [Render thread/WARN]: Received chat packet without valid signature from bot
[23:54:43] [Render thread/INFO]: [CHAT] <bot> Sticks crafted.
[23:54:43] [Render thread/WARN]: Received expired chat packet from bot
[23:54:43] [Render thread/WARN]: Received chat packet without valid signature from bot
[23:54:43] [Render thread/INFO]: [CHAT] <bot> Placing crafting_table on snow_block at (33, 186, -48)
[23:54:43] [Render thread/WARN]: Received expired chat packet from bot
[23:54:43] [Render thread/WARN]: Received chat packet without valid signature from bot
[23:54:43] [Render thread/INFO]: [CHAT] <bot> Placed crafting_table
[23:54:43] [Render thread/WARN]: Received expired chat packet from bot
[23:54:43] [Render thread/WARN]: Received chat packet without valid signature from bot
[23:54:43] [Render thread/INFO]: [CHAT] <bot> Crafting table placed.
[23:54:43] [Render thread/WARN]: Received expired chat packet from bot
[23:54:43] [Render thread/WARN]: Received chat packet without valid signature from bot
[23:54:43] [Render thread/INFO]: [CHAT] <bot> I can make stone_pickaxe
[23:54:44] [Render thread/WARN]: Received expired chat packet from bot
[23:54:44] [Render thread/WARN]: Received chat packet without valid signature from bot
[23:54:44] [Render thread/INFO]: [CHAT] <bot> I did the recipe for stone_pickaxe 1 times
[23:54:44] [Render thread/WARN]: Received expired chat packet from bot
[23:54:44] [Render thread/WARN]: Received chat packet without valid signature from bot
[23:54:44] [Render thread/INFO]: [CHAT] <bot> Stone pickaxe crafted.
[23:54:44] [Render thread/INFO]: [CHAT] [bot: Gamerule doTileDrops is now set to: false]
[23:54:44] [Render thread/INFO]: [CHAT] [bot: Changed the block at 33, 187, -48]
[23:54:44] [Render thread/INFO]: [CHAT] [bot: Gave 1 [Crafting Table] to bot]
[23:54:45] [Render thread/INFO]: [CHAT] [bot: Gamerule doTileDrops is now set to: true]
[23:54:45] [Render thread/INFO]: [CHAT] [bot: Pausing server...]
[23:54:45] [Render thread/INFO]: [CHAT] Server paused.
[23:54:45] [Render thread/INFO]: [CHAT] [bot: Unpausing server...]
[23:54:45] [Render thread/INFO]: [CHAT] Server unpaused.
[23:54:47] [Render thread/WARN]: Received expired chat packet from bot
[23:54:47] [Render thread/WARN]: Received chat packet without valid signature from bot
[23:54:47] [Render thread/INFO]: [CHAT] <bot> Placing crafting_table on snow_block at (33, 186, -48)
[23:54:47] [Render thread/WARN]: Received expired chat packet from bot
[23:54:47] [Render thread/WARN]: Received chat packet without valid signature from bot
[23:54:47] [Render thread/INFO]: [CHAT] <bot> Placed crafting_table
[23:54:48] [Render thread/WARN]: Received expired chat packet from bot
[23:54:48] [Render thread/WARN]: Received chat packet without valid signature from bot
[23:54:48] [Render thread/INFO]: [CHAT] <bot> Crafting table placed.
[23:54:48] [Render thread/INFO]: [CHAT] [bot: Gamerule doTileDrops is now set to: false]
[23:54:48] [Render thread/INFO]: [CHAT] [bot: Changed the block at 33, 187, -48]
[23:54:48] [Render thread/INFO]: [CHAT] [bot: Gave 1 [Crafting Table] to bot]
[23:54:49] [Render thread/INFO]: [CHAT] [bot: Gamerule doTileDrops is now set to: true]
[23:54:49] [Render thread/INFO]: [CHAT] [bot: Pausing server...]
[23:54:49] [Render thread/INFO]: [CHAT] Server paused.
[23:54:49] [Render thread/INFO]: [CHAT] [bot: Unpausing server...]
[23:54:49] [Render thread/INFO]: [CHAT] Server unpaused.
[23:54:51] [Render thread/WARN]: Received expired chat packet from bot
[23:54:51] [Render thread/WARN]: Received chat packet without valid signature from bot
[23:54:51] [Render thread/INFO]: [CHAT] <bot> Placing crafting_table on snow_block at (33, 186, -48)
[23:54:51] [Render thread/WARN]: Received expired chat packet from bot
[23:54:51] [Render thread/WARN]: Received chat packet without valid signature from bot
[23:54:51] [Render thread/INFO]: [CHAT] <bot> Placed crafting_table
[23:54:51] [Render thread/WARN]: Received expired chat packet from bot
[23:54:51] [Render thread/WARN]: Received chat packet without valid signature from bot
[23:54:51] [Render thread/INFO]: [CHAT] <bot> Crafting table placed.
[23:54:51] [Render thread/INFO]: [CHAT] [bot: Gamerule doTileDrops is now set to: false]
[23:54:51] [Render thread/WARN]: Received expired chat packet from bot
[23:54:51] [Render thread/WARN]: Received chat packet without valid signature from bot
[23:54:51] [Render thread/INFO]: [CHAT] <bot> Stone pickaxe crafted.
[23:54:51] [Render thread/INFO]: [CHAT] [bot: Changed the block at 33, 187, -48]
[23:54:51] [Render thread/INFO]: [CHAT] [bot: Gave 1 [Crafting Table] to bot]
[23:54:53] [Render thread/INFO]: [CHAT] [bot: Gamerule doTileDrops is now set to: true]
[23:54:53] [Render thread/INFO]: [CHAT] [bot: Pausing server...]
[23:54:53] [Render thread/INFO]: [CHAT] Server paused.
[23:54:53] [Render thread/INFO]: [CHAT] [bot: Unpausing server...]
[23:54:53] [Render thread/INFO]: [CHAT] Server unpaused.
[23:54:54] [Render thread/INFO]: [CHAT] bot left the game
[23:54:56] [Render thread/INFO]: [CHAT] bot joined the game
[23:54:58] [Render thread/INFO]: [CHAT] [bot: Gamerule keepInventory is now set to: true]
[23:54:58] [Render thread/INFO]: [CHAT] [bot: Gamerule doDaylightCycle is now set to: false]
[23:54:58] [Render thread/INFO]: [CHAT] [bot: Pausing server...]
[23:54:58] [Render thread/INFO]: [CHAT] Server paused.
[23:54:58] [Render thread/INFO]: [CHAT] [bot: Unpausing server...]
[23:54:58] [Render thread/INFO]: [CHAT] Server unpaused.
[23:55:00] [Render thread/INFO]: [CHAT] [bot: Set the time to 9000]
[23:55:00] [Render thread/INFO]: [CHAT] [bot: Gamerule doTileDrops is now set to: false]
[23:55:03] [Render thread/INFO]: [CHAT] [bot: Gamerule doTileDrops is now set to: true]
[23:55:03] [Render thread/INFO]: [CHAT] [bot: Pausing server...]
[23:55:03] [Render thread/INFO]: [CHAT] Server paused.
[23:55:03] [Render thread/INFO]: [CHAT] [bot: Unpausing server...]
[23:55:03] [Render thread/INFO]: [CHAT] Server unpaused.
[23:55:05] [Render thread/WARN]: Received expired chat packet from bot
[23:55:05] [Render thread/WARN]: Received chat packet without valid signature from bot
[23:55:05] [Render thread/INFO]: [CHAT] <bot> Craft without a crafting table
[23:55:05] [Render thread/WARN]: Received expired chat packet from bot
[23:55:05] [Render thread/WARN]: Received chat packet without valid signature from bot
[23:55:05] [Render thread/INFO]: [CHAT] <bot> I can make stick
[23:55:05] [Render thread/WARN]: Received expired chat packet from bot
[23:55:05] [Render thread/WARN]: Received chat packet without valid signature from bot
[23:55:05] [Render thread/INFO]: [CHAT] <bot> I did the recipe for stick 1 times
[23:55:05] [Render thread/WARN]: Received expired chat packet from bot
[23:55:05] [Render thread/WARN]: Received chat packet without valid signature from bot
[23:55:05] [Render thread/INFO]: [CHAT] <bot> Sticks crafted.
[23:55:05] [Render thread/INFO]: [CHAT] [bot: Gamerule doTileDrops is now set to: false]
[23:55:05] [Render thread/WARN]: Received expired chat packet from bot
[23:55:05] [Render thread/WARN]: Received chat packet without valid signature from bot
[23:55:05] [Render thread/INFO]: [CHAT] <bot> Not enough materials to craft a stone axe.
[23:55:29] [Render thread/INFO]: [CHAT] [bot: Gamerule doTileDrops is now set to: true]
[23:55:29] [Render thread/INFO]: [CHAT] [bot: Pausing server...]
[23:55:29] [Render thread/INFO]: [CHAT] Server paused.
[23:55:29] [Render thread/INFO]: [CHAT] [bot: Unpausing server...]
[23:55:29] [Render thread/INFO]: [CHAT] Server unpaused.
[23:55:31] [Render thread/WARN]: Received expired chat packet from bot
[23:55:31] [Render thread/WARN]: Received chat packet without valid signature from bot
[23:55:31] [Render thread/INFO]: [CHAT] <bot> Placing crafting_table on snow_block at (33, 186, -48)
[23:55:31] [Render thread/WARN]: Received expired chat packet from bot
[23:55:31] [Render thread/WARN]: Received chat packet without valid signature from bot
[23:55:31] [Render thread/INFO]: [CHAT] <bot> Placed crafting_table
[23:55:31] [Render thread/WARN]: Received expired chat packet from bot
[23:55:31] [Render thread/WARN]: Received chat packet without valid signature from bot
[23:55:31] [Render thread/INFO]: [CHAT] <bot> Crafting table placed.
[23:55:31] [Render thread/WARN]: Received expired chat packet from bot
[23:55:31] [Render thread/WARN]: Received chat packet without valid signature from bot
[23:55:31] [Render thread/INFO]: [CHAT] <bot> I can make stone_axe
[23:55:31] [Render thread/WARN]: Received expired chat packet from bot
[23:55:31] [Render thread/WARN]: Received chat packet without valid signature from bot
[23:55:31] [Render thread/INFO]: [CHAT] <bot> I did the recipe for stone_axe 1 times
[23:55:31] [Render thread/INFO]: [CHAT] [bot: Gamerule doTileDrops is now set to: false]
[23:55:31] [Render thread/WARN]: Received expired chat packet from bot
[23:55:31] [Render thread/WARN]: Received chat packet without valid signature from bot
[23:55:31] [Render thread/INFO]: [CHAT] <bot> Stone axe crafted.
[23:55:31] [Render thread/INFO]: [CHAT] [bot: Changed the block at 33, 187, -48]
[23:55:31] [Render thread/INFO]: [CHAT] [bot: Gave 1 [Crafting Table] to bot]
[23:55:33] [Render thread/INFO]: [CHAT] [bot: Gamerule doTileDrops is now set to: true]
[23:55:33] [Render thread/INFO]: [CHAT] [bot: Pausing server...]
[23:55:33] [Render thread/INFO]: [CHAT] Server paused.
[23:55:33] [Render thread/INFO]: [CHAT] [bot: Unpausing server...]
[23:55:33] [Render thread/INFO]: [CHAT] Server unpaused.
[23:55:34] [Render thread/INFO]: [CHAT] bot left the game
[23:55:36] [Render thread/INFO]: [CHAT] bot joined the game
[23:55:38] [Render thread/INFO]: [CHAT] [bot: Gamerule keepInventory is now set to: true]
[23:55:38] [Render thread/INFO]: [CHAT] [bot: Gamerule doDaylightCycle is now set to: false]
[23:55:38] [Render thread/INFO]: [CHAT] [bot: Pausing server...]
[23:55:38] [Render thread/INFO]: [CHAT] Server paused.
[23:55:38] [Render thread/INFO]: [CHAT] [bot: Unpausing server...]
[23:55:38] [Render thread/INFO]: [CHAT] Server unpaused.
[23:55:40] [Render thread/INFO]: [CHAT] [bot: Set the time to 10000]
[23:55:40] [Render thread/INFO]: [CHAT] [bot: Gamerule doTileDrops is now set to: false]
[23:55:43] [Render thread/INFO]: [CHAT] [bot: Gamerule doTileDrops is now set to: true]
[23:55:43] [Render thread/INFO]: [CHAT] [bot: Pausing server...]
[23:55:43] [Render thread/INFO]: [CHAT] Server paused.
[23:55:43] [Render thread/INFO]: [CHAT] [bot: Unpausing server...]
[23:55:43] [Render thread/INFO]: [CHAT] Server unpaused.
[23:55:45] [Render thread/WARN]: Received expired chat packet from bot
[23:55:45] [Render thread/WARN]: Received chat packet without valid signature from bot
[23:55:45] [Render thread/INFO]: [CHAT] <bot> Placing crafting_table on snow_block at (33, 186, -48)
[23:55:45] [Render thread/WARN]: Received expired chat packet from bot
[23:55:45] [Render thread/WARN]: Received chat packet without valid signature from bot
[23:55:45] [Render thread/INFO]: [CHAT] <bot> Placed crafting_table
[23:55:45] [Render thread/WARN]: Received expired chat packet from bot
[23:55:45] [Render thread/WARN]: Received chat packet without valid signature from bot
[23:55:45] [Render thread/INFO]: [CHAT] <bot> Crafting table placed.
[23:55:45] [Render thread/WARN]: Received expired chat packet from bot
[23:55:45] [Render thread/WARN]: Received chat packet without valid signature from bot
[23:55:45] [Render thread/INFO]: [CHAT] <bot> I can make stone_shovel
[23:55:45] [Render thread/WARN]: Received expired chat packet from bot
[23:55:45] [Render thread/WARN]: Received chat packet without valid signature from bot
[23:55:45] [Render thread/INFO]: [CHAT] <bot> I did the recipe for stone_shovel 1 times
[23:55:45] [Render thread/INFO]: [CHAT] [bot: Gamerule doTileDrops is now set to: false]
[23:55:45] [Render thread/WARN]: Received expired chat packet from bot
[23:55:45] [Render thread/WARN]: Received chat packet without valid signature from bot
[23:55:45] [Render thread/INFO]: [CHAT] <bot> Stone shovel crafted.
[23:55:45] [Render thread/INFO]: [CHAT] [bot: Changed the block at 33, 187, -48]
[23:55:45] [Render thread/INFO]: [CHAT] [bot: Gave 1 [Crafting Table] to bot]
[23:55:47] [Render thread/INFO]: [CHAT] [bot: Gamerule doTileDrops is now set to: true]
[23:55:47] [Render thread/INFO]: [CHAT] [bot: Pausing server...]
[23:55:47] [Render thread/INFO]: [CHAT] Server paused.
[23:55:47] [Render thread/INFO]: [CHAT] [bot: Unpausing server...]
[23:55:47] [Render thread/INFO]: [CHAT] Server unpaused.
[23:55:48] [Render thread/INFO]: [CHAT] bot left the game
[23:55:50] [Render thread/INFO]: [CHAT] bot joined the game
[23:55:52] [Render thread/INFO]: [CHAT] [bot: Gamerule keepInventory is now set to: true]
[23:55:52] [Render thread/INFO]: [CHAT] [bot: Gamerule doDaylightCycle is now set to: false]
[23:55:52] [Render thread/INFO]: [CHAT] [bot: Pausing server...]
[23:55:52] [Render thread/INFO]: [CHAT] Server paused.
[23:55:52] [Render thread/INFO]: [CHAT] [bot: Unpausing server...]
[23:55:52] [Render thread/INFO]: [CHAT] Server unpaused.
[23:55:54] [Render thread/INFO]: [CHAT] [bot: Set the time to 11000]
[23:55:54] [Render thread/INFO]: [CHAT] [bot: Gamerule doTileDrops is now set to: false]
[23:55:58] [Render thread/INFO]: [CHAT] [bot: Gamerule doTileDrops is now set to: true]
[23:55:58] [Render thread/INFO]: [CHAT] [bot: Pausing server...]
[23:55:58] [Render thread/INFO]: [CHAT] Server paused.
[23:55:58] [Render thread/INFO]: [CHAT] [bot: Unpausing server...]
[23:55:58] [Render thread/INFO]: [CHAT] Server unpaused.
[23:55:59] [Render thread/WARN]: Received expired chat packet from bot
[23:55:59] [Render thread/WARN]: Received chat packet without valid signature from bot
[23:55:59] [Render thread/INFO]: [CHAT] <bot> Iron pickaxe equipped.
[23:57:00] [Render thread/WARN]: Received expired chat packet from bot
[23:57:00] [Render thread/WARN]: Received chat packet without valid signature from bot
[23:57:00] [Render thread/INFO]: [CHAT] <bot> Max exploration time reached
[23:57:00] [Render thread/WARN]: Received expired chat packet from bot
[23:57:00] [Render thread/WARN]: Received chat packet without valid signature from bot
[23:57:00] [Render thread/INFO]: [CHAT] <bot> Gold ore not found within exploration time.
[23:57:00] [Render thread/INFO]: [CHAT] [bot: Gamerule doTileDrops is now set to: false]
[23:57:01] [Render thread/INFO]: [CHAT] [bot: Gamerule doTileDrops is now set to: true]
[23:57:01] [Render thread/INFO]: [CHAT] [bot: Pausing server...]
[23:57:01] [Render thread/INFO]: [CHAT] Server paused.
[23:57:01] [Render thread/INFO]: [CHAT] [bot: Unpausing server...]
[23:57:01] [Render thread/INFO]: [CHAT] Server unpaused.
[23:57:03] [Render thread/WARN]: Received expired chat packet from bot
[23:57:03] [Render thread/WARN]: Received chat packet without valid signature from bot
[23:57:03] [Render thread/INFO]: [CHAT] <bot> Iron pickaxe equipped.
[23:57:30] [Render thread/INFO]: [CHAT] [bot: Teleported bot to 115.500000, 98.000000, -2.500000]
[23:58:03] [Render thread/WARN]: Received expired chat packet from bot
[23:58:03] [Render thread/WARN]: Received chat packet without valid signature from bot
[23:58:03] [Render thread/INFO]: [CHAT] <bot> Max exploration time reached
[23:58:03] [Render thread/WARN]: Received expired chat packet from bot
[23:58:03] [Render thread/WARN]: Received chat packet without valid signature from bot
[23:58:03] [Render thread/INFO]: [CHAT] <bot> Gold ore not found within initial exploration time. Trying again...
